<?xml version="1.0" encoding="UTF-8"?>
<!-- Generated by org.testng.reporters.JUnitXMLReporter -->
<testsuite ignored="0" hostname="DESKTOP-TOHVE8K" failures="1" tests="1" name="Login and Update Profile Test" time="2.071" errors="0" timestamp="19 sep. 2020 18:55:24 GMT">
  <testcase classname="cucumber.api.testng.AbstractTestNGCucumberTests" name="runScenario" time="1.444">
    <failure type="java.lang.reflect.InvocationTargetException">
      <![CDATA[java.lang.reflect.InvocationTargetException
at ar.steps.CatSteps.seEjecutaLaOperation(CatSteps.java:25)
at ✽.realizo una petición 'GET' a 'CATEGORIES' al endpoint de categorias - 'request/rq_cat_categories'(file:src/test/resources/features/cat_categories.feature:10)
Caused by: java.lang.AssertionError: D:\UTN\Autodidacta\Crowdar\Lippia-API-sample-project-master\src\test\resources\jsons\request\rq_cat_categories.json (El sistema no puede encontrar el archivo especificado)
at com.crowdar.api.rest.MethodsService.getRequest(MethodsService.java:100)
at com.crowdar.api.rest.MethodsService.get(MethodsService.java:29)
at com.crowdar.api.rest.MethodsService.get(MethodsService.java:25)
at services.CategoriesService.get(CategoriesService.java:14)
at ar.steps.CatSteps.seEjecutaLaOperation(CatSteps.java:25)
at cucumber.runtime.Utils$1.call(Utils.java:26)
at cucumber.runtime.Timeout.timeout(Timeout.java:16)
at cucumber.runtime.Utils.invoke(Utils.java:20)
at cucumber.runtime.java.JavaStepDefinition.execute(JavaStepDefinition.java:57)
at cucumber.runner.PickleStepDefinitionMatch.runStep(PickleStepDefinitionMatch.java:50)
at cucumber.runner.TestStep.executeStep(TestStep.java:65)
at cucumber.runner.TestStep.run(TestStep.java:50)
at cucumber.runner.PickleStepTestStep.run(PickleStepTestStep.java:43)
at cucumber.runner.TestCase.run(TestCase.java:46)
at cucumber.runner.Runner.runPickle(Runner.java:50)
at io.cucumber.testng.TestNGCucumberRunner.runScenario(TestNGCucumberRunner.java:79)
at cucumber.api.testng.TestNGCucumberRunner.runScenario(TestNGCucumberRunner.java:24)
at cucumber.api.testng.AbstractTestNGCucumberTests.runScenario(AbstractTestNGCucumberTests.java:27)
at java.base/java.util.concurrent.FutureTask.run(FutureTask.java:264)
at java.base/java.util.concurrent.ThreadPoolExecutor.runWorker(ThreadPoolExecutor.java:1128)
at java.base/java.util.concurrent.ThreadPoolExecutor$Worker.run(ThreadPoolExecutor.java:628)
at java.base/java.lang.Thread.run(Thread.java:834)
... Removed 29 stack frames]]>
    </failure>
  </testcase> <!-- runScenario -->
</testsuite> <!-- Login and Update Profile Test -->
